1545859561846	mozrunner::runner	INFO	Running command: "/Applications/Firefox.app/Contents/MacOS/firefox-bin" "-marionette" "-foreground" "-no-remote" "-profile" "/var/folders/d2/jmzsqf3925lbt006v_vmv3z80000gn/T/rust_mozprofile.v33G45APy1U4"
1545859562873	addons.webextension.screenshots@mozilla.org	WARN	Loading extension 'screenshots@mozilla.org': Reading manifest: Invalid host permission: resource://pdf.js/
1545859562874	addons.webextension.screenshots@mozilla.org	WARN	Loading extension 'screenshots@mozilla.org': Reading manifest: Invalid host permission: about:reader*
Can't find symbol 'GetGraphicsResetStatus'.
1545859564858	Marionette	INFO	Listening on port 53983
1545859564885	Marionette	WARN	TLS certificate errors will be ignored for this session
[GFX1-]: Receive IPC close with reason=AbnormalShutdown
[GFX1-]: Receive IPC close with reason=AbnormalShutdown
[GFX1-]: Receive IPC close with reason=AbnormalShutdown
1545863013248	mozrunner::runner	INFO	Running command: "/Applications/Firefox.app/Contents/MacOS/firefox-bin" "-marionette" "-foreground" "-no-remote" "-profile" "/var/folders/d2/jmzsqf3925lbt006v_vmv3z80000gn/T/rust_mozprofile.ueHiSrAFa471"
1545863013889	addons.webextension.screenshots@mozilla.org	WARN	Loading extension 'screenshots@mozilla.org': Reading manifest: Invalid host permission: resource://pdf.js/
1545863013889	addons.webextension.screenshots@mozilla.org	WARN	Loading extension 'screenshots@mozilla.org': Reading manifest: Invalid host permission: about:reader*
Can't find symbol 'GetGraphicsResetStatus'.
1545863015657	Marionette	INFO	Listening on port 57250
1545863015731	Marionette	WARN	TLS certificate errors will be ignored for this session
Can't find symbol 'GetGraphicsResetStatus'.
Can't find symbol 'GetGraphicsResetStatus'.
2018-12-26 14:29:04.617 plugin-container[34845:2078539] Error loading /Library/Audio/Plug-Ins/HAL/BartenderAudioPlugIn.plugin/Contents/MacOS/BartenderAudioPlugIn:  dlopen(/Library/Audio/Plug-Ins/HAL/BartenderAudioPlugIn.plugin/Contents/MacOS/BartenderAudioPlugIn, 262): no suitable image found.  Did find:
	/Library/Audio/Plug-Ins/HAL/BartenderAudioPlugIn.plugin/Contents/MacOS/BartenderAudioPlugIn: mmap() errno=1 validating first page of '(null)'
2018-12-26 14:29:04.617 plugin-container[34845:2078539] Cannot find function pointer New_SHP_PlugIn for factory 834FC054-C1CC-11D6-BD01-00039315CD46 in CFBundle/CFPlugIn 0x7fde53e87a90 </Library/Audio/Plug-Ins/HAL/BartenderAudioPlugIn.plugin> (bundle, not loaded)
JavaScript error: , line 0: InvalidStateError: An attempt was made to use an object that is not, or is no longer, usable
[Parent 34838, Gecko_IOThread] WARNING: pipe error: Broken pipe: file /builds/worker/workspace/build/src/ipc/chromium/src/chrome/common/ipc_channel_posix.cc, line 736
1545863679508	Marionette	INFO	Stopped listening on port 57250
1545863701400	mozrunner::runner	INFO	Running command: "/Applications/Firefox.app/Contents/MacOS/firefox-bin" "-marionette" "-foreground" "-no-remote" "-profile" "/var/folders/d2/jmzsqf3925lbt006v_vmv3z80000gn/T/rust_mozprofile.xdcJY8yQw88N"
1545863701949	addons.webextension.screenshots@mozilla.org	WARN	Loading extension 'screenshots@mozilla.org': Reading manifest: Invalid host permission: resource://pdf.js/
1545863701949	addons.webextension.screenshots@mozilla.org	WARN	Loading extension 'screenshots@mozilla.org': Reading manifest: Invalid host permission: about:reader*
Can't find symbol 'GetGraphicsResetStatus'.
1545863703654	Marionette	INFO	Listening on port 58090
1545863703697	Marionette	WARN	TLS certificate errors will be ignored for this session
1545863795612	Marionette	INFO	Stopped listening on port 58090
1545863801697	mozrunner::runner	INFO	Running command: "/Applications/Firefox.app/Contents/MacOS/firefox-bin" "-marionette" "-foreground" "-no-remote" "-profile" "/var/folders/d2/jmzsqf3925lbt006v_vmv3z80000gn/T/rust_mozprofile.hTOovgerCyRs"
1545863802251	addons.webextension.screenshots@mozilla.org	WARN	Loading extension 'screenshots@mozilla.org': Reading manifest: Invalid host permission: resource://pdf.js/
1545863802252	addons.webextension.screenshots@mozilla.org	WARN	Loading extension 'screenshots@mozilla.org': Reading manifest: Invalid host permission: about:reader*
Can't find symbol 'GetGraphicsResetStatus'.
1545863804091	Marionette	INFO	Listening on port 58200
1545863804193	Marionette	WARN	TLS certificate errors will be ignored for this session
1545863823591	Marionette	INFO	Stopped listening on port 58200
1545863826337	mozrunner::runner	INFO	Running command: "/Applications/Firefox.app/Contents/MacOS/firefox-bin" "-marionette" "-foreground" "-no-remote" "-profile" "/var/folders/d2/jmzsqf3925lbt006v_vmv3z80000gn/T/rust_mozprofile.UwbNeaFyVi2P"
1545863826875	addons.webextension.screenshots@mozilla.org	WARN	Loading extension 'screenshots@mozilla.org': Reading manifest: Invalid host permission: resource://pdf.js/
1545863826875	addons.webextension.screenshots@mozilla.org	WARN	Loading extension 'screenshots@mozilla.org': Reading manifest: Invalid host permission: about:reader*
Can't find symbol 'GetGraphicsResetStatus'.
1545863828623	Marionette	INFO	Listening on port 58281
1545863828724	Marionette	WARN	TLS certificate errors will be ignored for this session
1545863890377	Marionette	INFO	Stopped listening on port 58281
1545863893953	mozrunner::runner	INFO	Running command: "/Applications/Firefox.app/Contents/MacOS/firefox-bin" "-marionette" "-foreground" "-no-remote" "-profile" "/var/folders/d2/jmzsqf3925lbt006v_vmv3z80000gn/T/rust_mozprofile.OuoeagpMmX9H"
1545863894603	addons.webextension.screenshots@mozilla.org	WARN	Loading extension 'screenshots@mozilla.org': Reading manifest: Invalid host permission: resource://pdf.js/
1545863894604	addons.webextension.screenshots@mozilla.org	WARN	Loading extension 'screenshots@mozilla.org': Reading manifest: Invalid host permission: about:reader*
Can't find symbol 'GetGraphicsResetStatus'.
1545863896463	Marionette	INFO	Listening on port 58389
1545863896558	Marionette	WARN	TLS certificate errors will be ignored for this session
1545864072468	Marionette	INFO	Stopped listening on port 58389
1545864074535	mozrunner::runner	INFO	Running command: "/Applications/Firefox.app/Contents/MacOS/firefox-bin" "-marionette" "-foreground" "-no-remote" "-profile" "/var/folders/d2/jmzsqf3925lbt006v_vmv3z80000gn/T/rust_mozprofile.DJTqqfRFfYHh"
1545864075055	addons.webextension.screenshots@mozilla.org	WARN	Loading extension 'screenshots@mozilla.org': Reading manifest: Invalid host permission: resource://pdf.js/
1545864075055	addons.webextension.screenshots@mozilla.org	WARN	Loading extension 'screenshots@mozilla.org': Reading manifest: Invalid host permission: about:reader*
Can't find symbol 'GetGraphicsResetStatus'.
1545864076734	Marionette	INFO	Listening on port 58562
1545864076824	Marionette	WARN	TLS certificate errors will be ignored for this session
1545864289776	Marionette	INFO	Stopped listening on port 58562
1545864291913	mozrunner::runner	INFO	Running command: "/Applications/Firefox.app/Contents/MacOS/firefox-bin" "-marionette" "-foreground" "-no-remote" "-profile" "/var/folders/d2/jmzsqf3925lbt006v_vmv3z80000gn/T/rust_mozprofile.kCBROQwRdCBb"
1545864292426	addons.webextension.screenshots@mozilla.org	WARN	Loading extension 'screenshots@mozilla.org': Reading manifest: Invalid host permission: resource://pdf.js/
1545864292426	addons.webextension.screenshots@mozilla.org	WARN	Loading extension 'screenshots@mozilla.org': Reading manifest: Invalid host permission: about:reader*
Can't find symbol 'GetGraphicsResetStatus'.
1545864294163	Marionette	INFO	Listening on port 58746
1545864294198	Marionette	WARN	TLS certificate errors will be ignored for this session
Can't find symbol 'GetGraphicsResetStatus'.
Can't find symbol 'GetGraphicsResetStatus'.
2018-12-26 14:45:06.778 plugin-container[36877:2115481] Error loading /Library/Audio/Plug-Ins/HAL/BartenderAudioPlugIn.plugin/Contents/MacOS/BartenderAudioPlugIn:  dlopen(/Library/Audio/Plug-Ins/HAL/BartenderAudioPlugIn.plugin/Contents/MacOS/BartenderAudioPlugIn, 262): no suitable image found.  Did find:
	/Library/Audio/Plug-Ins/HAL/BartenderAudioPlugIn.plugin/Contents/MacOS/BartenderAudioPlugIn: mmap() errno=1 validating first page of '(null)'
2018-12-26 14:45:06.778 plugin-container[36877:2115481] Cannot find function pointer New_SHP_PlugIn for factory 834FC054-C1CC-11D6-BD01-00039315CD46 in CFBundle/CFPlugIn 0x7fc3f8c88580 </Library/Audio/Plug-Ins/HAL/BartenderAudioPlugIn.plugin> (bundle, not loaded)
JavaScript error: , line 0: InvalidStateError: An attempt was made to use an object that is not, or is no longer, usable
1545864313352	Marionette	INFO	Stopped listening on port 58746
1545864319712	mozrunner::runner	INFO	Running command: "/Applications/Firefox.app/Contents/MacOS/firefox-bin" "-marionette" "-foreground" "-no-remote" "-profile" "/var/folders/d2/jmzsqf3925lbt006v_vmv3z80000gn/T/rust_mozprofile.GXV1AsBFPqMq"
1545864320229	addons.webextension.screenshots@mozilla.org	WARN	Loading extension 'screenshots@mozilla.org': Reading manifest: Invalid host permission: resource://pdf.js/
1545864320230	addons.webextension.screenshots@mozilla.org	WARN	Loading extension 'screenshots@mozilla.org': Reading manifest: Invalid host permission: about:reader*
Can't find symbol 'GetGraphicsResetStatus'.
1545864321923	Marionette	INFO	Listening on port 58849
1545864321993	Marionette	WARN	TLS certificate errors will be ignored for this session
1545864362835	Marionette	INFO	Stopped listening on port 58849
1545864364694	mozrunner::runner	INFO	Running command: "/Applications/Firefox.app/Contents/MacOS/firefox-bin" "-marionette" "-foreground" "-no-remote" "-profile" "/var/folders/d2/jmzsqf3925lbt006v_vmv3z80000gn/T/rust_mozprofile.1DqYcre1HpgF"
1545864365212	addons.webextension.screenshots@mozilla.org	WARN	Loading extension 'screenshots@mozilla.org': Reading manifest: Invalid host permission: resource://pdf.js/
1545864365212	addons.webextension.screenshots@mozilla.org	WARN	Loading extension 'screenshots@mozilla.org': Reading manifest: Invalid host permission: about:reader*
Can't find symbol 'GetGraphicsResetStatus'.
1545864366926	Marionette	INFO	Listening on port 58931
1545864367004	Marionette	WARN	TLS certificate errors will be ignored for this session
Can't find symbol 'GetGraphicsResetStatus'.
Can't find symbol 'GetGraphicsResetStatus'.
2018-12-26 14:46:18.477 plugin-container[37001:2118190] Error loading /Library/Audio/Plug-Ins/HAL/BartenderAudioPlugIn.plugin/Contents/MacOS/BartenderAudioPlugIn:  dlopen(/Library/Audio/Plug-Ins/HAL/BartenderAudioPlugIn.plugin/Contents/MacOS/BartenderAudioPlugIn, 262): no suitable image found.  Did find:
	/Library/Audio/Plug-Ins/HAL/BartenderAudioPlugIn.plugin/Contents/MacOS/BartenderAudioPlugIn: mmap() errno=1 validating first page of '(null)'
2018-12-26 14:46:18.478 plugin-container[37001:2118190] Cannot find function pointer New_SHP_PlugIn for factory 834FC054-C1CC-11D6-BD01-00039315CD46 in CFBundle/CFPlugIn 0x7fe312c8c6e0 </Library/Audio/Plug-Ins/HAL/BartenderAudioPlugIn.plugin> (bundle, not loaded)
JavaScript error: , line 0: InvalidStateError: An attempt was made to use an object that is not, or is no longer, usable
1545864395568	Marionette	INFO	Stopped listening on port 58931
1545864397661	mozrunner::runner	INFO	Running command: "/Applications/Firefox.app/Contents/MacOS/firefox-bin" "-marionette" "-foreground" "-no-remote" "-profile" "/var/folders/d2/jmzsqf3925lbt006v_vmv3z80000gn/T/rust_mozprofile.smuCZapB570D"
1545864398190	addons.webextension.screenshots@mozilla.org	WARN	Loading extension 'screenshots@mozilla.org': Reading manifest: Invalid host permission: resource://pdf.js/
1545864398190	addons.webextension.screenshots@mozilla.org	WARN	Loading extension 'screenshots@mozilla.org': Reading manifest: Invalid host permission: about:reader*
Can't find symbol 'GetGraphicsResetStatus'.
1545864399945	Marionette	INFO	Listening on port 59026
1545864400053	Marionette	WARN	TLS certificate errors will be ignored for this session
1545864431781	mozrunner::runner	INFO	Running command: "/Applications/Firefox.app/Contents/MacOS/firefox-bin" "-marionette" "-foreground" "-no-remote" "-profile" "/var/folders/d2/jmzsqf3925lbt006v_vmv3z80000gn/T/rust_mozprofile.ftbOtPtymKDr"
1545864432313	addons.webextension.screenshots@mozilla.org	WARN	Loading extension 'screenshots@mozilla.org': Reading manifest: Invalid host permission: resource://pdf.js/
1545864432313	addons.webextension.screenshots@mozilla.org	WARN	Loading extension 'screenshots@mozilla.org': Reading manifest: Invalid host permission: about:reader*
Can't find symbol 'GetGraphicsResetStatus'.
1545864434139	Marionette	INFO	Listening on port 59107
1545864434174	Marionette	WARN	TLS certificate errors will be ignored for this session
1545864620858	mozrunner::runner	INFO	Running command: "/Applications/Firefox.app/Contents/MacOS/firefox-bin" "-marionette" "-foreground" "-no-remote" "-profile" "/var/folders/d2/jmzsqf3925lbt006v_vmv3z80000gn/T/rust_mozprofile.pARm8xXUpIgk"
1545864621495	addons.webextension.screenshots@mozilla.org	WARN	Loading extension 'screenshots@mozilla.org': Reading manifest: Invalid host permission: resource://pdf.js/
1545864621495	addons.webextension.screenshots@mozilla.org	WARN	Loading extension 'screenshots@mozilla.org': Reading manifest: Invalid host permission: about:reader*
Can't find symbol 'GetGraphicsResetStatus'.
1545864623285	Marionette	INFO	Listening on port 59280
1545864623356	Marionette	WARN	TLS certificate errors will be ignored for this session
Can't find symbol 'GetGraphicsResetStatus'.
Can't find symbol 'GetGraphicsResetStatus'.
2018-12-26 14:50:48.684 plugin-container[37413:2124986] Error loading /Library/Audio/Plug-Ins/HAL/BartenderAudioPlugIn.plugin/Contents/MacOS/BartenderAudioPlugIn:  dlopen(/Library/Audio/Plug-Ins/HAL/BartenderAudioPlugIn.plugin/Contents/MacOS/BartenderAudioPlugIn, 262): no suitable image found.  Did find:
	/Library/Audio/Plug-Ins/HAL/BartenderAudioPlugIn.plugin/Contents/MacOS/BartenderAudioPlugIn: mmap() errno=1 validating first page of '(null)'
2018-12-26 14:50:48.684 plugin-container[37413:2124986] Cannot find function pointer New_SHP_PlugIn for factory 834FC054-C1CC-11D6-BD01-00039315CD46 in CFBundle/CFPlugIn 0x7ff3e367d250 </Library/Audio/Plug-Ins/HAL/BartenderAudioPlugIn.plugin> (bundle, not loaded)
1545864678183	mozrunner::runner	INFO	Running command: "/Applications/Firefox.app/Contents/MacOS/firefox-bin" "-marionette" "-foreground" "-no-remote" "-profile" "/var/folders/d2/jmzsqf3925lbt006v_vmv3z80000gn/T/rust_mozprofile.GoD2Y7H3rPJy"
1545864678917	addons.webextension.screenshots@mozilla.org	WARN	Loading extension 'screenshots@mozilla.org': Reading manifest: Invalid host permission: resource://pdf.js/
1545864678917	addons.webextension.screenshots@mozilla.org	WARN	Loading extension 'screenshots@mozilla.org': Reading manifest: Invalid host permission: about:reader*
Can't find symbol 'GetGraphicsResetStatus'.
1545864681080	Marionette	INFO	Listening on port 59404
1545864681197	Marionette	WARN	TLS certificate errors will be ignored for this session
1545864754685	Marionette	INFO	Stopped listening on port 59404
JavaScript error: , line 0: InvalidStateError: An attempt was made to use an object that is not, or is no longer, usable
1545864757332	Marionette	INFO	Stopped listening on port 59280
1545864759378	Marionette	INFO	Stopped listening on port 59107
1545864761561	mozrunner::runner	INFO	Running command: "/Applications/Firefox.app/Contents/MacOS/firefox-bin" "-marionette" "-foreground" "-no-remote" "-profile" "/var/folders/d2/jmzsqf3925lbt006v_vmv3z80000gn/T/rust_mozprofile.pXTvZDveLftx"
1545864762214	addons.webextension.screenshots@mozilla.org	WARN	Loading extension 'screenshots@mozilla.org': Reading manifest: Invalid host permission: resource://pdf.js/
1545864762214	addons.webextension.screenshots@mozilla.org	WARN	Loading extension 'screenshots@mozilla.org': Reading manifest: Invalid host permission: about:reader*
Can't find symbol 'GetGraphicsResetStatus'.
1545864763985	Marionette	INFO	Listening on port 59531
1545864764061	Marionette	WARN	TLS certificate errors will be ignored for this session
1545864959732	Marionette	INFO	Stopped listening on port 59531
1545864961609	mozrunner::runner	INFO	Running command: "/Applications/Firefox.app/Contents/MacOS/firefox-bin" "-marionette" "-foreground" "-no-remote" "-profile" "/var/folders/d2/jmzsqf3925lbt006v_vmv3z80000gn/T/rust_mozprofile.yDK06g0zQR44"
1545864962139	addons.webextension.screenshots@mozilla.org	WARN	Loading extension 'screenshots@mozilla.org': Reading manifest: Invalid host permission: resource://pdf.js/
1545864962139	addons.webextension.screenshots@mozilla.org	WARN	Loading extension 'screenshots@mozilla.org': Reading manifest: Invalid host permission: about:reader*
Can't find symbol 'GetGraphicsResetStatus'.
1545864963831	Marionette	INFO	Listening on port 59699
1545864963908	Marionette	WARN	TLS certificate errors will be ignored for this session
1545865015341	Marionette	INFO	Stopped listening on port 59699
1545865017164	mozrunner::runner	INFO	Running command: "/Applications/Firefox.app/Contents/MacOS/firefox-bin" "-marionette" "-foreground" "-no-remote" "-profile" "/var/folders/d2/jmzsqf3925lbt006v_vmv3z80000gn/T/rust_mozprofile.fYfXCsAjstmz"
1545865017686	addons.webextension.screenshots@mozilla.org	WARN	Loading extension 'screenshots@mozilla.org': Reading manifest: Invalid host permission: resource://pdf.js/
1545865017686	addons.webextension.screenshots@mozilla.org	WARN	Loading extension 'screenshots@mozilla.org': Reading manifest: Invalid host permission: about:reader*
Can't find symbol 'GetGraphicsResetStatus'.
1545865019408	Marionette	INFO	Listening on port 59793
1545865019462	Marionette	WARN	TLS certificate errors will be ignored for this session
[GFX1-]: Receive IPC close with reason=AbnormalShutdown
[GFX1-]: Receive IPC close with reason=AbnormalShutdown
[GFX1-]: Receive IPC close with reason=AbnormalShutdown
[GFX1-]: Receive IPC close with reason=AbnormalShutdown
1545865171393	mozrunner::runner	INFO	Running command: "/Applications/Firefox.app/Contents/MacOS/firefox-bin" "-marionette" "-foreground" "-no-remote" "-profile" "/var/folders/d2/jmzsqf3925lbt006v_vmv3z80000gn/T/rust_mozprofile.gt1RIQfcoBFh"
1545865171949	addons.webextension.screenshots@mozilla.org	WARN	Loading extension 'screenshots@mozilla.org': Reading manifest: Invalid host permission: resource://pdf.js/
1545865171950	addons.webextension.screenshots@mozilla.org	WARN	Loading extension 'screenshots@mozilla.org': Reading manifest: Invalid host permission: about:reader*
Can't find symbol 'GetGraphicsResetStatus'.
1545865173738	Marionette	INFO	Listening on port 59945
1545865173795	Marionette	WARN	TLS certificate errors will be ignored for this session
Can't find symbol 'GetGraphicsResetStatus'.
Can't find symbol 'GetGraphicsResetStatus'.
2018-12-26 14:59:42.887 plugin-container[38294:2142491] Error loading /Library/Audio/Plug-Ins/HAL/BartenderAudioPlugIn.plugin/Contents/MacOS/BartenderAudioPlugIn:  dlopen(/Library/Audio/Plug-Ins/HAL/BartenderAudioPlugIn.plugin/Contents/MacOS/BartenderAudioPlugIn, 262): no suitable image found.  Did find:
	/Library/Audio/Plug-Ins/HAL/BartenderAudioPlugIn.plugin/Contents/MacOS/BartenderAudioPlugIn: mmap() errno=1 validating first page of '(null)'
2018-12-26 14:59:42.887 plugin-container[38294:2142491] Cannot find function pointer New_SHP_PlugIn for factory 834FC054-C1CC-11D6-BD01-00039315CD46 in CFBundle/CFPlugIn 0x7fc6895b2460 </Library/Audio/Plug-Ins/HAL/BartenderAudioPlugIn.plugin> (bundle, not loaded)
JavaScript error: , line 0: InvalidStateError: An attempt was made to use an object that is not, or is no longer, usable
1545865253262	Marionette	INFO	Stopped listening on port 59945
1545865255888	mozrunner::runner	INFO	Running command: "/Applications/Firefox.app/Contents/MacOS/firefox-bin" "-marionette" "-foreground" "-no-remote" "-profile" "/var/folders/d2/jmzsqf3925lbt006v_vmv3z80000gn/T/rust_mozprofile.5xVnXIcGCozn"
1545865256407	addons.webextension.screenshots@mozilla.org	WARN	Loading extension 'screenshots@mozilla.org': Reading manifest: Invalid host permission: resource://pdf.js/
1545865256407	addons.webextension.screenshots@mozilla.org	WARN	Loading extension 'screenshots@mozilla.org': Reading manifest: Invalid host permission: about:reader*
Can't find symbol 'GetGraphicsResetStatus'.
1545865258086	Marionette	INFO	Listening on port 60072
1545865258168	Marionette	WARN	TLS certificate errors will be ignored for this session
Can't find symbol 'GetGraphicsResetStatus'.
Can't find symbol 'GetGraphicsResetStatus'.
2018-12-26 15:01:06.818 plugin-container[38428:2144954] Error loading /Library/Audio/Plug-Ins/HAL/BartenderAudioPlugIn.plugin/Contents/MacOS/BartenderAudioPlugIn:  dlopen(/Library/Audio/Plug-Ins/HAL/BartenderAudioPlugIn.plugin/Contents/MacOS/BartenderAudioPlugIn, 262): no suitable image found.  Did find:
	/Library/Audio/Plug-Ins/HAL/BartenderAudioPlugIn.plugin/Contents/MacOS/BartenderAudioPlugIn: mmap() errno=1 validating first page of '(null)'
2018-12-26 15:01:06.818 plugin-container[38428:2144954] Cannot find function pointer New_SHP_PlugIn for factory 834FC054-C1CC-11D6-BD01-00039315CD46 in CFBundle/CFPlugIn 0x7fefcad6f6e0 </Library/Audio/Plug-Ins/HAL/BartenderAudioPlugIn.plugin> (bundle, not loaded)
console.error: BroadcastService: 
  receivedBroadcastMessage: handler for
  remote-settings/monitor_changes
  threw error:
  Message: Error: Polling for changes failed: NetworkError when attempting to fetch resource..
  Stack:
    remoteSettingsFunction/remoteSettings.pollChanges@resource://services-settings/remote-settings.js:750:13

JavaScript error: , line 0: InvalidStateError: An attempt was made to use an object that is not, or is no longer, usable
1545865374085	Marionette	INFO	Stopped listening on port 60072
1545865375980	mozrunner::runner	INFO	Running command: "/Applications/Firefox.app/Contents/MacOS/firefox-bin" "-marionette" "-foreground" "-no-remote" "-profile" "/var/folders/d2/jmzsqf3925lbt006v_vmv3z80000gn/T/rust_mozprofile.qp96NSUdQupr"
1545865376505	addons.webextension.screenshots@mozilla.org	WARN	Loading extension 'screenshots@mozilla.org': Reading manifest: Invalid host permission: resource://pdf.js/
1545865376506	addons.webextension.screenshots@mozilla.org	WARN	Loading extension 'screenshots@mozilla.org': Reading manifest: Invalid host permission: about:reader*
Can't find symbol 'GetGraphicsResetStatus'.
1545865378418	Marionette	INFO	Listening on port 60213
1545865378485	Marionette	WARN	TLS certificate errors will be ignored for this session
Can't find symbol 'GetGraphicsResetStatus'.
Can't find symbol 'GetGraphicsResetStatus'.
2018-12-26 15:03:08.016 plugin-container[38618:2147960] Error loading /Library/Audio/Plug-Ins/HAL/BartenderAudioPlugIn.plugin/Contents/MacOS/BartenderAudioPlugIn:  dlopen(/Library/Audio/Plug-Ins/HAL/BartenderAudioPlugIn.plugin/Contents/MacOS/BartenderAudioPlugIn, 262): no suitable image found.  Did find:
	/Library/Audio/Plug-Ins/HAL/BartenderAudioPlugIn.plugin/Contents/MacOS/BartenderAudioPlugIn: mmap() errno=1 validating first page of '(null)'
2018-12-26 15:03:08.017 plugin-container[38618:2147960] Cannot find function pointer New_SHP_PlugIn for factory 834FC054-C1CC-11D6-BD01-00039315CD46 in CFBundle/CFPlugIn 0x7fb68d108f70 </Library/Audio/Plug-Ins/HAL/BartenderAudioPlugIn.plugin> (bundle, not loaded)
JavaScript error: , line 0: InvalidStateError: An attempt was made to use an object that is not, or is no longer, usable
[Parent 38613, Gecko_IOThread] WARNING: pipe error: Broken pipe: file /builds/worker/workspace/build/src/ipc/chromium/src/chrome/common/ipc_channel_posix.cc, line 736
1545865443166	Marionette	INFO	Stopped listening on port 60213
1545865511233	mozrunner::runner	INFO	Running command: "/Applications/Firefox.app/Contents/MacOS/firefox-bin" "-marionette" "-foreground" "-no-remote" "-profile" "/var/folders/d2/jmzsqf3925lbt006v_vmv3z80000gn/T/rust_mozprofile.NrytbdWlIKE7"
1545865511756	addons.webextension.screenshots@mozilla.org	WARN	Loading extension 'screenshots@mozilla.org': Reading manifest: Invalid host permission: resource://pdf.js/
1545865511757	addons.webextension.screenshots@mozilla.org	WARN	Loading extension 'screenshots@mozilla.org': Reading manifest: Invalid host permission: about:reader*
Can't find symbol 'GetGraphicsResetStatus'.
1545865513489	Marionette	INFO	Listening on port 60594
1545865513532	Marionette	WARN	TLS certificate errors will be ignored for this session
Can't find symbol 'GetGraphicsResetStatus'.
Can't find symbol 'GetGraphicsResetStatus'.
2018-12-26 15:05:22.625 plugin-container[38836:2152124] Error loading /Library/Audio/Plug-Ins/HAL/BartenderAudioPlugIn.plugin/Contents/MacOS/BartenderAudioPlugIn:  dlopen(/Library/Audio/Plug-Ins/HAL/BartenderAudioPlugIn.plugin/Contents/MacOS/BartenderAudioPlugIn, 262): no suitable image found.  Did find:
	/Library/Audio/Plug-Ins/HAL/BartenderAudioPlugIn.plugin/Contents/MacOS/BartenderAudioPlugIn: mmap() errno=1 validating first page of '(null)'
2018-12-26 15:05:22.625 plugin-container[38836:2152124] Cannot find function pointer New_SHP_PlugIn for factory 834FC054-C1CC-11D6-BD01-00039315CD46 in CFBundle/CFPlugIn 0x7ff49ca9fab0 </Library/Audio/Plug-Ins/HAL/BartenderAudioPlugIn.plugin> (bundle, not loaded)
JavaScript error: , line 0: InvalidStateError: An attempt was made to use an object that is not, or is no longer, usable
[Parent 38833, Gecko_IOThread] WARNING: pipe error: Broken pipe: file /builds/worker/workspace/build/src/ipc/chromium/src/chrome/common/ipc_channel_posix.cc, line 736
1545865583995	Marionette	INFO	Stopped listening on port 60594
1545865663190	mozrunner::runner	INFO	Running command: "/Applications/Firefox.app/Contents/MacOS/firefox-bin" "-marionette" "-foreground" "-no-remote" "-profile" "/var/folders/d2/jmzsqf3925lbt006v_vmv3z80000gn/T/rust_mozprofile.0GMonIiCkn7G"
1545865663714	addons.webextension.screenshots@mozilla.org	WARN	Loading extension 'screenshots@mozilla.org': Reading manifest: Invalid host permission: resource://pdf.js/
1545865663714	addons.webextension.screenshots@mozilla.org	WARN	Loading extension 'screenshots@mozilla.org': Reading manifest: Invalid host permission: about:reader*
Can't find symbol 'GetGraphicsResetStatus'.
1545865665292	Marionette	INFO	Listening on port 61033
1545865665374	Marionette	WARN	TLS certificate errors will be ignored for this session
Can't find symbol 'GetGraphicsResetStatus'.
Can't find symbol 'GetGraphicsResetStatus'.
2018-12-26 15:07:54.792 plugin-container[39101:2157216] Error loading /Library/Audio/Plug-Ins/HAL/BartenderAudioPlugIn.plugin/Contents/MacOS/BartenderAudioPlugIn:  dlopen(/Library/Audio/Plug-Ins/HAL/BartenderAudioPlugIn.plugin/Contents/MacOS/BartenderAudioPlugIn, 262): no suitable image found.  Did find:
	/Library/Audio/Plug-Ins/HAL/BartenderAudioPlugIn.plugin/Contents/MacOS/BartenderAudioPlugIn: mmap() errno=1 validating first page of '(null)'
2018-12-26 15:07:54.792 plugin-container[39101:2157216] Cannot find function pointer New_SHP_PlugIn for factory 834FC054-C1CC-11D6-BD01-00039315CD46 in CFBundle/CFPlugIn 0x7f81eada5240 </Library/Audio/Plug-Ins/HAL/BartenderAudioPlugIn.plugin> (bundle, not loaded)
JavaScript error: , line 0: InvalidStateError: An attempt was made to use an object that is not, or is no longer, usable
console.error: "Error while calling actor 'pagestyle's method 'getLayout'" "can't access dead object"
console.error: "getLayout@resource://devtools/shared/base-loader.js -> resource://devtools/server/actors/styles.js:805:11\nhandler@resource://devtools/shared/base-loader.js -> resource://devtools/shared/protocol.js:1198:21\nonPacket@resource://devtools/shared/base-loader.js -> resource://devtools/server/main.js:1313:15\nreceiveMessage@resource://devtools/shared/base-loader.js -> resource://devtools/shared/transport/child-transport.js:66:5\n"
console.error: "Protocol error (unknownError): can't access dead object"
[Parent 39094, Gecko_IOThread] WARNING: pipe error: Broken pipe: file /builds/worker/workspace/build/src/ipc/chromium/src/chrome/common/ipc_channel_posix.cc, line 736
2018-12-26 15:11:05.790 firefox-bin[39094:2156980] -deltaZ is deprecated for NSEventTypeMagnify.  Please use -magnification.
[Parent 39094, Gecko_IOThread] WARNING: pipe error: Broken pipe: file /builds/worker/workspace/build/src/ipc/chromium/src/chrome/common/ipc_channel_posix.cc, line 736
1545865891008	mozrunner::runner	INFO	Running command: "/Applications/Firefox.app/Contents/MacOS/firefox-bin" "-marionette" "-foreground" "-no-remote" "-profile" "/var/folders/d2/jmzsqf3925lbt006v_vmv3z80000gn/T/rust_mozprofile.RzcVJFoeCNJP"
1545865891672	addons.webextension.screenshots@mozilla.org	WARN	Loading extension 'screenshots@mozilla.org': Reading manifest: Invalid host permission: resource://pdf.js/
1545865891672	addons.webextension.screenshots@mozilla.org	WARN	Loading extension 'screenshots@mozilla.org': Reading manifest: Invalid host permission: about:reader*
Can't find symbol 'GetGraphicsResetStatus'.
1545865893593	Marionette	INFO	Listening on port 61534
1545865893601	Marionette	WARN	TLS certificate errors will be ignored for this session
1545865895157	Marionette	INFO	Stopped listening on port 61534

###!!! [Parent][RunMessage] Error: Channel closing: too late to send/recv, messages will be lost

[Parent 39094, Gecko_IOThread] WARNING: pipe error: Broken pipe: file /builds/worker/workspace/build/src/ipc/chromium/src/chrome/common/ipc_channel_posix.cc, line 736

###!!! [Parent][RunMessage] Error: Channel closing: too late to send/recv, messages will be lost


###!!! [Parent][RunMessage] Error: Channel closing: too late to send/recv, messages will be lost


###!!! [Parent][RunMessage] Error: Channel closing: too late to send/recv, messages will be lost

1545865913532	Marionette	INFO	Stopped listening on port 61033
1545865918104	mozrunner::runner	INFO	Running command: "/Applications/Firefox.app/Contents/MacOS/firefox-bin" "-marionette" "-foreground" "-no-remote" "-profile" "/var/folders/d2/jmzsqf3925lbt006v_vmv3z80000gn/T/rust_mozprofile.IaZNydr0Vv1j"
1545865918630	addons.webextension.screenshots@mozilla.org	WARN	Loading extension 'screenshots@mozilla.org': Reading manifest: Invalid host permission: resource://pdf.js/
1545865918631	addons.webextension.screenshots@mozilla.org	WARN	Loading extension 'screenshots@mozilla.org': Reading manifest: Invalid host permission: about:reader*
Can't find symbol 'GetGraphicsResetStatus'.
1545865920543	Marionette	INFO	Listening on port 61616
1545865920610	Marionette	WARN	TLS certificate errors will be ignored for this session
Can't find symbol 'GetGraphicsResetStatus'.
Can't find symbol 'GetGraphicsResetStatus'.
2018-12-26 15:12:09.197 plugin-container[39511:2164826] Error loading /Library/Audio/Plug-Ins/HAL/BartenderAudioPlugIn.plugin/Contents/MacOS/BartenderAudioPlugIn:  dlopen(/Library/Audio/Plug-Ins/HAL/BartenderAudioPlugIn.plugin/Contents/MacOS/BartenderAudioPlugIn, 262): no suitable image found.  Did find:
	/Library/Audio/Plug-Ins/HAL/BartenderAudioPlugIn.plugin/Contents/MacOS/BartenderAudioPlugIn: mmap() errno=1 validating first page of '(null)'
2018-12-26 15:12:09.197 plugin-container[39511:2164826] Cannot find function pointer New_SHP_PlugIn for factory 834FC054-C1CC-11D6-BD01-00039315CD46 in CFBundle/CFPlugIn 0x7fc7c8e67200 </Library/Audio/Plug-Ins/HAL/BartenderAudioPlugIn.plugin> (bundle, not loaded)
JavaScript error: , line 0: InvalidStateError: An attempt was made to use an object that is not, or is no longer, usable
Can't find symbol 'GetGraphicsResetStatus'.
Can't find symbol 'GetGraphicsResetStatus'.
JavaScript error: , line 0: InvalidStateError: An attempt was made to use an object that is not, or is no longer, usable
Can't find symbol 'GetGraphicsResetStatus'.
Can't find symbol 'GetGraphicsResetStatus'.
console.error: "_refreshProcess of computed view cancelled"
JavaScript error: , line 0: InvalidStateError: An attempt was made to use an object that is not, or is no longer, usable
[Parent 39503, Gecko_IOThread] WARNING: pipe error: Broken pipe: file /builds/worker/workspace/build/src/ipc/chromium/src/chrome/common/ipc_channel_posix.cc, line 736
JavaScript error: resource:///actors/NetErrorChild.jsm, line 683: TypeError: docShell.failedChannel is null
[Parent 39503, Gecko_IOThread] WARNING: pipe error: Broken pipe: file /builds/worker/workspace/build/src/ipc/chromium/src/chrome/common/ipc_channel_posix.cc, line 736
Can't find symbol 'GetGraphicsResetStatus'.
Can't find symbol 'GetGraphicsResetStatus'.
JavaScript error: https://weibo.com/aj/v6/top/topnavthird?ajwvr=6&url=https%253A%252F%252Fsecurity.weibo.com%252Fcaptcha%252Fgeetest%253Fkey%253D2NTdcJA2BAFBnlT9MoxrHhleEi_HoLgaiBWxvZ2lu%2526c%253D&uid=6619871123&lang=zh&islogin=1&_t=1&_v=STK_15458666269731, line 2: SyntaxError: expected expression, got '<'
console.error: BroadcastService: 
  receivedBroadcastMessage: handler for
  remote-settings/monitor_changes
  threw error:
  Message: Error: Polling for changes failed: NetworkError when attempting to fetch resource..
  Stack:
    remoteSettingsFunction/remoteSettings.pollChanges@resource://services-settings/remote-settings.js:750:13

Can't find symbol 'GetGraphicsResetStatus'.
Can't find symbol 'GetGraphicsResetStatus'.
2018-12-26 15:31:43.178 plugin-container[39660:2167269] Error loading /Library/Audio/Plug-Ins/HAL/BartenderAudioPlugIn.plugin/Contents/MacOS/BartenderAudioPlugIn:  dlopen(/Library/Audio/Plug-Ins/HAL/BartenderAudioPlugIn.plugin/Contents/MacOS/BartenderAudioPlugIn, 262): no suitable image found.  Did find:
	/Library/Audio/Plug-Ins/HAL/BartenderAudioPlugIn.plugin/Contents/MacOS/BartenderAudioPlugIn: mmap() errno=1 validating first page of '(null)'
2018-12-26 15:31:43.178 plugin-container[39660:2167269] Cannot find function pointer New_SHP_PlugIn for factory 834FC054-C1CC-11D6-BD01-00039315CD46 in CFBundle/CFPlugIn 0x7f8eb0e19920 </Library/Audio/Plug-Ins/HAL/BartenderAudioPlugIn.plugin> (bundle, not loaded)
JavaScript error: https://weibo.com/aj/v6/top/topnavthird?ajwvr=6&url=https%253A%252F%252Fsecurity.weibo.com%252Fcaptcha%252Fgeetest%253Fkey%253D2NTdcJA2BAFBnlT9MoxrHhleEi_HoLgaiBWxvZ2lu%2526c%253D&uid=6619871123&lang=zh&islogin=1&_t=1&_v=STK_15458671003431, line 1: SyntaxError: expected expression, got '<'
JavaScript error: , line 0: InvalidStateError: An attempt was made to use an object that is not, or is no longer, usable
[Parent 39503, Gecko_IOThread] WARNING: pipe error: Broken pipe: file /builds/worker/workspace/build/src/ipc/chromium/src/chrome/common/ipc_channel_posix.cc, line 736
JavaScript error: , line 0: InvalidStateError: An attempt was made to use an object that is not, or is no longer, usable
1545867156297	mozrunner::runner	INFO	Running command: "/Applications/Firefox.app/Contents/MacOS/firefox-bin" "-marionette" "-foreground" "-no-remote" "-profile" "/var/folders/d2/jmzsqf3925lbt006v_vmv3z80000gn/T/rust_mozprofile.BYWP4dcmKgBy"
1545867156936	addons.webextension.screenshots@mozilla.org	WARN	Loading extension 'screenshots@mozilla.org': Reading manifest: Invalid host permission: resource://pdf.js/
1545867156937	addons.webextension.screenshots@mozilla.org	WARN	Loading extension 'screenshots@mozilla.org': Reading manifest: Invalid host permission: about:reader*
Can't find symbol 'GetGraphicsResetStatus'.
1545867158762	Marionette	INFO	Listening on port 63210
1545867158794	Marionette	WARN	TLS certificate errors will be ignored for this session
Can't find symbol 'GetGraphicsResetStatus'.
Can't find symbol 'GetGraphicsResetStatus'.
2018-12-26 15:32:48.643 plugin-container[41435:2192542] Error loading /Library/Audio/Plug-Ins/HAL/BartenderAudioPlugIn.plugin/Contents/MacOS/BartenderAudioPlugIn:  dlopen(/Library/Audio/Plug-Ins/HAL/BartenderAudioPlugIn.plugin/Contents/MacOS/BartenderAudioPlugIn, 262): no suitable image found.  Did find:
	/Library/Audio/Plug-Ins/HAL/BartenderAudioPlugIn.plugin/Contents/MacOS/BartenderAudioPlugIn: mmap() errno=1 validating first page of '(null)'
2018-12-26 15:32:48.643 plugin-container[41435:2192542] Cannot find function pointer New_SHP_PlugIn for factory 834FC054-C1CC-11D6-BD01-00039315CD46 in CFBundle/CFPlugIn 0x7fcc2071dfc0 </Library/Audio/Plug-Ins/HAL/BartenderAudioPlugIn.plugin> (bundle, not loaded)
JavaScript error: , line 0: InvalidStateError: An attempt was made to use an object that is not, or is no longer, usable
[Parent 41432, Gecko_IOThread] WARNING: pipe error: Broken pipe: file /builds/worker/workspace/build/src/ipc/chromium/src/chrome/common/ipc_channel_posix.cc, line 736
console.error: BroadcastService: 
  receivedBroadcastMessage: handler for
  remote-settings/monitor_changes
  threw error:
  Message: Error: Polling for changes failed: NetworkError when attempting to fetch resource..
  Stack:
    remoteSettingsFunction/remoteSettings.pollChanges@resource://services-settings/remote-settings.js:750:13

1545867220400	Marionette	INFO	Stopped listening on port 61616
1545867226263	Marionette	INFO	Stopped listening on port 63210
